"is_built_exec_isl" "true"
"built_exec_isl" "/home/huginn/code/isl/_build/main.byte"
"built_exec_isl" "/home/huginn/code/isl/_build/main.native"
"is_built_lib_isl" "true"
"built_lib_isl" "/home/huginn/code/isl/_build/isl.cma"
"built_lib_isl" "/home/huginn/code/isl/_build/isl.cmxa"
"built_lib_isl" "/home/huginn/code/isl/_build/isl.a"
"built_lib_isl" "/home/huginn/code/isl/_build/isl.cmxs"
"built_lib_isl" "/home/huginn/code/isl/_build/isl.cmi"
"built_lib_isl" "/home/huginn/code/isl/_build/isl.cmt"
"built_lib_isl" "/home/huginn/code/isl/_build/isl.annot"
"built_lib_isl" "/home/huginn/code/isl/_build/IslRaw_Printer.cmx"
"built_lib_isl" "/home/huginn/code/isl/_build/IslRaw_UnionMap.cmx"
"built_lib_isl" "/home/huginn/code/isl/_build/IslRaw_UnionSet.cmx"
"built_lib_isl" "/home/huginn/code/isl/_build/IslRaw_Map.cmx"
"built_lib_isl" "/home/huginn/code/isl/_build/IslRaw_Set.cmx"
"built_lib_isl" "/home/huginn/code/isl/_build/IslRaw_BasicMap.cmx"
"built_lib_isl" "/home/huginn/code/isl/_build/IslRaw_BasicSet.cmx"
"built_lib_isl" "/home/huginn/code/isl/_build/IslRaw_Matrix.cmx"
"built_lib_isl" "/home/huginn/code/isl/_build/IslRaw_Aff.cmx"
"built_lib_isl" "/home/huginn/code/isl/_build/IslRaw_Constraint.cmx"
"built_lib_isl" "/home/huginn/code/isl/_build/IslRaw_LocalSpace.cmx"
"built_lib_isl" "/home/huginn/code/isl/_build/IslRaw_Space.cmx"
"built_lib_isl" "/home/huginn/code/isl/_build/IslRaw_Id.cmx"
"built_lib_isl" "/home/huginn/code/isl/_build/IslRaw_Value.cmx"
"built_lib_isl" "/home/huginn/code/isl/_build/IslRaw_Ctx.cmx"
"built_lib_isl" "/home/huginn/code/isl/_build/islRaw_Types.cmx"
"built_lib_isl" "/home/huginn/code/isl/_build/islRaw.cmx"
"built_lib_isl" "/home/huginn/code/isl/_build/isl.cmx"
"is_built_exec_test" "true"
"built_exec_test" "/home/huginn/code/isl/_build/test.native"
"built_lib_isl" "/home/huginn/code/isl/_build/Isl_Types.cmx"
"built_lib_isl" "/home/huginn/code/isl/_build/Isl_Id.cmx"
"built_lib_isl" "/home/huginn/code/isl/_build/isl_Sigs.cmx"
"built_lib_isl" "/home/huginn/code/isl/_build/isl_Utils.cmx"
"built_lib_isl" "/home/huginn/code/isl/_build/isl.cmti"
"built_lib_isl" "/home/huginn/code/isl/_build/Isl_Value.cmx"
"built_lib_isl" "/home/huginn/code/isl/_build/isl_Space.cmx"
"built_lib_isl" "/home/huginn/code/isl/_build/isl_LocalSpace.cmx"
"built_lib_isl" "/home/huginn/code/isl/_build/isl_Constraint.cmx"
"built_lib_isl" "/home/huginn/code/isl/_build/isl_Aff.cmx"
"built_lib_isl" "/home/huginn/code/isl/_build/isl_Matrix.cmx"
"built_lib_isl" "/home/huginn/code/isl/_build/isl_BasicSet.cmx"
"built_lib_isl" "/home/huginn/code/isl/_build/isl_UnionSet.cmx"
"built_lib_isl" "/home/huginn/code/isl/_build/isl_Set.cmx"
"built_lib_isl" "/home/huginn/code/isl/_build/isl_UnionMap.cmx"
"built_lib_isl" "/home/huginn/code/isl/_build/isl_Map.cmx"
"built_lib_isl" "/home/huginn/code/isl/_build/isl_BasicMap.cmx"
